Running in verbose mode

-----------------------------------------------------------------
  pg_upgrade run on Tue Oct  3 13:38:25 2017
-----------------------------------------------------------------

check for "/usr/local/var/postgres@9.5" failed: No such file or directory

Running in verbose mode

-----------------------------------------------------------------
  pg_upgrade run on Tue Oct  3 13:40:22 2017
-----------------------------------------------------------------

Performing Consistency Checks
-----------------------------
Checking cluster versions                                   ok
Current pg_control values:

pg_control version number:            942
Catalog version number:               201409291
Database system identifier:           6470586552678166930
Latest checkpoint's TimeLineID:       1
Latest checkpoint's full_page_writes: on
Latest checkpoint's NextXID:          0/1807
Latest checkpoint's NextOID:          32768
Latest checkpoint's NextMultiXactId:  1
Latest checkpoint's NextMultiOffset:  0
Latest checkpoint's oldestXID:        990
Latest checkpoint's oldestXID's DB:   1
Latest checkpoint's oldestActiveXID:  0
Latest checkpoint's oldestMultiXid:   1
Latest checkpoint's oldestMulti's DB: 1
Maximum data alignment:               8
Database block size:                  8192
Blocks per segment of large relation: 131072
WAL block size:                       8192
Bytes per WAL segment:                16777216
Maximum length of identifiers:        64
Maximum columns in an index:          32
Maximum size of a TOAST chunk:        1996
Size of a large-object chunk:         2048
Date/time type storage:               64-bit integers
Float4 argument passing:              by value
Float8 argument passing:              by value
Data page checksum version:           0


Values to be changed:

First log segment after reset:        000000010000000000000004
Current pg_control values:

pg_control version number:            942
Catalog version number:               201510051
Database system identifier:           6472753461873988500
Latest checkpoint's TimeLineID:       1
Latest checkpoint's full_page_writes: on
Latest checkpoint's NextXID:          0/938
Latest checkpoint's NextOID:          12642
Latest checkpoint's NextMultiXactId:  1
Latest checkpoint's NextMultiOffset:  0
Latest checkpoint's oldestXID:        930
Latest checkpoint's oldestXID's DB:   1
Latest checkpoint's oldestActiveXID:  0
Latest checkpoint's oldestMultiXid:   1
Latest checkpoint's oldestMulti's DB: 1
Latest checkpoint's oldestCommitTsXid:0
Latest checkpoint's newestCommitTsXid:0
Maximum data alignment:               8
Database block size:                  8192
Blocks per segment of large relation: 131072
WAL block size:                       8192
Bytes per WAL segment:                16777216
Maximum length of identifiers:        64
Maximum columns in an index:          32
Maximum size of a TOAST chunk:        1996
Size of a large-object chunk:         2048
Date/time type storage:               64-bit integers
Float4 argument passing:              by value
Float8 argument passing:              by value
Data page checksum version:           0


Values to be changed:

First log segment after reset:        000000010000000000000002
"/usr/local/Cellar/postgresql/9.4.5_2/bin/pg_ctl" -w -l "pg_upgrade_server.log" -D "/usr/local/var/postgres" -o "-p 50432 -b  -c listen_addresses='' -c unix_socket_permissions=0700 -c unix_socket_directories='/Users/patrickryan/work/FeatureRequest'" start >> "pg_upgrade_server.log" 2>&1

*failure*
There were problems executing ""/usr/local/Cellar/postgresql/9.4.5_2/bin/pg_ctl" -w -l "pg_upgrade_server.log" -D "/usr/local/var/postgres" -o "-p 50432 -b  -c listen_addresses='' -c unix_socket_permissions=0700 -c unix_socket_directories='/Users/patrickryan/work/FeatureRequest'" start >> "pg_upgrade_server.log" 2>&1"
Consult the last few lines of "pg_upgrade_server.log" for
the probable cause of the failure.

connection to database failed: could not connect to server: No such file or directory
	Is the server running locally and accepting
	connections on Unix domain socket "/Users/patrickryan/work/FeatureRequest/.s.PGSQL.50432"?

could not connect to old postmaster started with the command:
"/usr/local/Cellar/postgresql/9.4.5_2/bin/pg_ctl" -w -l "pg_upgrade_server.log" -D "/usr/local/var/postgres" -o "-p 50432 -b  -c listen_addresses='' -c unix_socket_permissions=0700 -c unix_socket_directories='/Users/patrickryan/work/FeatureRequest'" start
Running in verbose mode

-----------------------------------------------------------------
  pg_upgrade run on Tue Oct  3 13:41:08 2017
-----------------------------------------------------------------

Performing Consistency Checks
-----------------------------
Checking cluster versions                                   ok
Current pg_control values:

pg_control version number:            942
Catalog version number:               201409291
Database system identifier:           6470586552678166930
Latest checkpoint's TimeLineID:       1
Latest checkpoint's full_page_writes: on
Latest checkpoint's NextXID:          0/1807
Latest checkpoint's NextOID:          32768
Latest checkpoint's NextMultiXactId:  1
Latest checkpoint's NextMultiOffset:  0
Latest checkpoint's oldestXID:        990
Latest checkpoint's oldestXID's DB:   1
Latest checkpoint's oldestActiveXID:  0
Latest checkpoint's oldestMultiXid:   1
Latest checkpoint's oldestMulti's DB: 1
Maximum data alignment:               8
Database block size:                  8192
Blocks per segment of large relation: 131072
WAL block size:                       8192
Bytes per WAL segment:                16777216
Maximum length of identifiers:        64
Maximum columns in an index:          32
Maximum size of a TOAST chunk:        1996
Size of a large-object chunk:         2048
Date/time type storage:               64-bit integers
Float4 argument passing:              by value
Float8 argument passing:              by value
Data page checksum version:           0


Values to be changed:

First log segment after reset:        000000010000000000000004
Current pg_control values:

pg_control version number:            942
Catalog version number:               201510051
Database system identifier:           6472753461873988500
Latest checkpoint's TimeLineID:       1
Latest checkpoint's full_page_writes: on
Latest checkpoint's NextXID:          0/938
Latest checkpoint's NextOID:          12642
Latest checkpoint's NextMultiXactId:  1
Latest checkpoint's NextMultiOffset:  0
Latest checkpoint's oldestXID:        930
Latest checkpoint's oldestXID's DB:   1
Latest checkpoint's oldestActiveXID:  0
Latest checkpoint's oldestMultiXid:   1
Latest checkpoint's oldestMulti's DB: 1
Latest checkpoint's oldestCommitTsXid:0
Latest checkpoint's newestCommitTsXid:0
Maximum data alignment:               8
Database block size:                  8192
Blocks per segment of large relation: 131072
WAL block size:                       8192
Bytes per WAL segment:                16777216
Maximum length of identifiers:        64
Maximum columns in an index:          32
Maximum size of a TOAST chunk:        1996
Size of a large-object chunk:         2048
Date/time type storage:               64-bit integers
Float4 argument passing:              by value
Float8 argument passing:              by value
Data page checksum version:           0


Values to be changed:

First log segment after reset:        000000010000000000000002
"/usr/local/Cellar/postgresql/9.4.5_2/bin/pg_ctl" -w -l "pg_upgrade_server.log" -D "/usr/local/var/postgres" -o "-p 50432 -b  -c listen_addresses='' -c unix_socket_permissions=0700 -c unix_socket_directories='/Users/patrickryan/work/FeatureRequest'" start >> "pg_upgrade_server.log" 2>&1

*failure*
There were problems executing ""/usr/local/Cellar/postgresql/9.4.5_2/bin/pg_ctl" -w -l "pg_upgrade_server.log" -D "/usr/local/var/postgres" -o "-p 50432 -b  -c listen_addresses='' -c unix_socket_permissions=0700 -c unix_socket_directories='/Users/patrickryan/work/FeatureRequest'" start >> "pg_upgrade_server.log" 2>&1"
Consult the last few lines of "pg_upgrade_server.log" for
the probable cause of the failure.

connection to database failed: could not connect to server: No such file or directory
	Is the server running locally and accepting
	connections on Unix domain socket "/Users/patrickryan/work/FeatureRequest/.s.PGSQL.50432"?

could not connect to old postmaster started with the command:
"/usr/local/Cellar/postgresql/9.4.5_2/bin/pg_ctl" -w -l "pg_upgrade_server.log" -D "/usr/local/var/postgres" -o "-p 50432 -b  -c listen_addresses='' -c unix_socket_permissions=0700 -c unix_socket_directories='/Users/patrickryan/work/FeatureRequest'" start
Running in verbose mode

-----------------------------------------------------------------
  pg_upgrade run on Tue Oct  3 13:41:20 2017
-----------------------------------------------------------------

check for "/usr/local/Cellar/postgresql/9.4.5.2/bin" failed: No such file or directory

