
-----------------------------------------------------------------
  pg_upgrade run on Tue Oct  3 13:38:25 2017
-----------------------------------------------------------------


-----------------------------------------------------------------
  pg_upgrade run on Tue Oct  3 13:40:22 2017
-----------------------------------------------------------------

command: "/usr/local/Cellar/postgresql/9.4.5_2/bin/pg_ctl" -w -l "pg_upgrade_server.log" -D "/usr/local/var/postgres" -o "-p 50432 -b  -c listen_addresses='' -c unix_socket_permissions=0700 -c unix_socket_directories='/Users/patrickryan/work/FeatureRequest'" start >> "pg_upgrade_server.log" 2>&1
waiting for server to start....FATAL:  58P01: could not open directory "/usr/local/lib/postgresql": No such file or directory
HINT:  This may indicate an incomplete PostgreSQL installation, or that the file "/usr/local/Cellar/postgresql/9.4.5_2/bin/postgres" has been moved away from its proper location.
LOCATION:  getInstallationPaths, postmaster.c:1387
.... stopped waiting
pg_ctl: could not start server
Examine the log output.



-----------------------------------------------------------------
  pg_upgrade run on Tue Oct  3 13:41:08 2017
-----------------------------------------------------------------

command: "/usr/local/Cellar/postgresql/9.4.5_2/bin/pg_ctl" -w -l "pg_upgrade_server.log" -D "/usr/local/var/postgres" -o "-p 50432 -b  -c listen_addresses='' -c unix_socket_permissions=0700 -c unix_socket_directories='/Users/patrickryan/work/FeatureRequest'" start >> "pg_upgrade_server.log" 2>&1
waiting for server to start....FATAL:  58P01: could not open directory "/usr/local/lib/postgresql": No such file or directory
HINT:  This may indicate an incomplete PostgreSQL installation, or that the file "/usr/local/Cellar/postgresql/9.4.5_2/bin/postgres" has been moved away from its proper location.
LOCATION:  getInstallationPaths, postmaster.c:1387
.... stopped waiting
pg_ctl: could not start server
Examine the log output.



-----------------------------------------------------------------
  pg_upgrade run on Tue Oct  3 13:41:20 2017
-----------------------------------------------------------------

